bits/00_header.js
bits/01_version.js
misc/02_codepage.js
bits/03_consts.js
bits/04_base64.js
bits/05_buf.js
bits/09_types.js
bits/10_ssf.js
bits/11_ssfutils.js
bits/18_cfb.js
bits/19_fsutils.js
bits/20_jsutils.js
misc/21_ziputils.js
bits/22_xmlutils.js
bits/23_binutils.js
bits/24_hoppers.js
bits/25_cellutils.js
bits/27_csfutils.js
bits/29_xlsenum.js
bits/30_ctype.js
bits/31_rels.js
bits/33_coreprops.js
bits/34_extprops.js
bits/35_custprops.js
bits/42_sstxml.js
bits/46_stycommon.js
bits/47_styxml.js
bits/49_theme.js
bits/53_externlink.js
bits/54_drawing.js
bits/55_vml.js
bits/56_cmntcommon.js
bits/57_cmntxml.js
bits/59_vba.js
bits/60_macrovba.js
bits/61_fcommon.js
bits/66_wscommon.js
bits/67_wsxml.js
bits/69_chartxml.js
bits/70_csheet.js
bits/71_wbcommon.js
bits/72_wbxml.js
bits/74_xmlbin.js
bits/79_html.js
bits/82_sheeter.js
bits/84_defaults.js
bits/85_parsezip.js
bits/86_writezip.js
bits/87_read.js
bits/88_write.js
bits/90_utils.js
bits/95_api.js
bits/98_exports.js
bits/99_footer.js
